<?xml version="1.0" encoding="UTF-8"?>
<testsuite xmlns:xsi="http://www.w3.org/2001/XMLSchema-instance" xsi:noNamespaceSchemaLocation="https://maven.apache.org/surefire/maven-surefire-plugin/xsd/surefire-test-report.xsd" name="TestSuite" time="4.211" tests="4" errors="0" skipped="0" failures="1">
  <properties>
    <property name="gopherProxySet" value="false"/>
    <property name="awt.toolkit" value="sun.lwawt.macosx.LWCToolkit"/>
    <property name="file.encoding.pkg" value="sun.io"/>
    <property name="java.specification.version" value="1.8"/>
    <property name="sun.cpu.isalist" value=""/>
    <property name="sun.jnu.encoding" value="UTF-8"/>
    <property name="java.class.path" value="/Users/mohammedmohaidat/Desktop/Mobile/sampleTest/target/test-classes:/Users/mohammedmohaidat/Desktop/Mobile/sampleTest/target/classes:/Users/mohammedmohaidat/.m2/repository/io/rest-assured/rest-assured/4.3.0/rest-assured-4.3.0.jar:/Users/mohammedmohaidat/.m2/repository/org/codehaus/groovy/groovy/3.0.2/groovy-3.0.2.jar:/Users/mohammedmohaidat/.m2/repository/org/codehaus/groovy/groovy-xml/3.0.2/groovy-xml-3.0.2.jar:/Users/mohammedmohaidat/.m2/repository/org/apache/httpcomponents/httpclient/4.5.3/httpclient-4.5.3.jar:/Users/mohammedmohaidat/.m2/repository/org/apache/httpcomponents/httpcore/4.4.6/httpcore-4.4.6.jar:/Users/mohammedmohaidat/.m2/repository/commons-logging/commons-logging/1.2/commons-logging-1.2.jar:/Users/mohammedmohaidat/.m2/repository/commons-codec/commons-codec/1.9/commons-codec-1.9.jar:/Users/mohammedmohaidat/.m2/repository/org/apache/httpcomponents/httpmime/4.5.3/httpmime-4.5.3.jar:/Users/mohammedmohaidat/.m2/repository/org/hamcrest/hamcrest/2.1/hamcrest-2.1.jar:/Users/mohammedmohaidat/.m2/repository/org/ccil/cowan/tagsoup/tagsoup/1.2.1/tagsoup-1.2.1.jar:/Users/mohammedmohaidat/.m2/repository/io/rest-assured/xml-path/4.3.0/xml-path-4.3.0.jar:/Users/mohammedmohaidat/.m2/repository/org/apache/commons/commons-lang3/3.4/commons-lang3-3.4.jar:/Users/mohammedmohaidat/.m2/repository/jakarta/xml/bind/jakarta.xml.bind-api/2.3.2/jakarta.xml.bind-api-2.3.2.jar:/Users/mohammedmohaidat/.m2/repository/jakarta/activation/jakarta.activation-api/1.2.1/jakarta.activation-api-1.2.1.jar:/Users/mohammedmohaidat/.m2/repository/com/sun/xml/bind/jaxb-osgi/2.3.0.1/jaxb-osgi-2.3.0.1.jar:/Users/mohammedmohaidat/.m2/repository/org/apache/sling/org.apache.sling.javax.activation/0.1.0/org.apache.sling.javax.activation-0.1.0.jar:/Users/mohammedmohaidat/.m2/repository/javax/activation/activation/1.1.1/activation-1.1.1.jar:/Users/mohammedmohaidat/.m2/repository/io/rest-assured/json-schema-validator/4.3.0/json-schema-validator-4.3.0.jar:/Users/mohammedmohaidat/.m2/repository/com/github/java-json-tools/json-schema-validator/2.2.10/json-schema-validator-2.2.10.jar:/Users/mohammedmohaidat/.m2/repository/com/github/java-json-tools/json-schema-core/1.2.10/json-schema-core-1.2.10.jar:/Users/mohammedmohaidat/.m2/repository/com/github/java-json-tools/jackson-coreutils/1.9/jackson-coreutils-1.9.jar:/Users/mohammedmohaidat/.m2/repository/com/fasterxml/jackson/core/jackson-databind/2.2.3/jackson-databind-2.2.3.jar:/Users/mohammedmohaidat/.m2/repository/com/fasterxml/jackson/core/jackson-annotations/2.2.3/jackson-annotations-2.2.3.jar:/Users/mohammedmohaidat/.m2/repository/com/fasterxml/jackson/core/jackson-core/2.2.3/jackson-core-2.2.3.jar:/Users/mohammedmohaidat/.m2/repository/com/google/guava/guava/16.0.1/guava-16.0.1.jar:/Users/mohammedmohaidat/.m2/repository/com/github/fge/msg-simple/1.1/msg-simple-1.1.jar:/Users/mohammedmohaidat/.m2/repository/com/github/fge/btf/1.2/btf-1.2.jar:/Users/mohammedmohaidat/.m2/repository/com/github/fge/uri-template/0.9/uri-template-0.9.jar:/Users/mohammedmohaidat/.m2/repository/org/mozilla/rhino/1.7.7.1/rhino-1.7.7.1.jar:/Users/mohammedmohaidat/.m2/repository/javax/mail/mailapi/1.4.3/mailapi-1.4.3.jar:/Users/mohammedmohaidat/.m2/repository/joda-time/joda-time/2.9.7/joda-time-2.9.7.jar:/Users/mohammedmohaidat/.m2/repository/com/googlecode/libphonenumber/libphonenumber/8.0.0/libphonenumber-8.0.0.jar:/Users/mohammedmohaidat/.m2/repository/com/google/code/findbugs/jsr305/3.0.1/jsr305-3.0.1.jar:/Users/mohammedmohaidat/.m2/repository/net/sf/jopt-simple/jopt-simple/5.0.3/jopt-simple-5.0.3.jar:/Users/mohammedmohaidat/.m2/repository/io/rest-assured/json-path/4.3.0/json-path-4.3.0.jar:/Users/mohammedmohaidat/.m2/repository/org/codehaus/groovy/groovy-json/3.0.2/groovy-json-3.0.2.jar:/Users/mohammedmohaidat/.m2/repository/io/rest-assured/rest-assured-common/4.3.0/rest-assured-common-4.3.0.jar:/Users/mohammedmohaidat/.m2/repository/org/testng/testng/6.14.3/testng-6.14.3.jar:/Users/mohammedmohaidat/.m2/repository/com/beust/jcommander/1.72/jcommander-1.72.jar:/Users/mohammedmohaidat/.m2/repository/org/apache-extras/beanshell/bsh/2.0b6/bsh-2.0b6.jar:/Users/mohammedmohaidat/.m2/repository/org/json/json/20180813/json-20180813.jar:/Users/mohammedmohaidat/.m2/repository/org/projectlombok/lombok/1.18.4/lombok-1.18.4.jar:/Users/mohammedmohaidat/.m2/repository/com/aventstack/extentreports/3.1.5/extentreports-3.1.5.jar:/Users/mohammedmohaidat/.m2/repository/org/freemarker/freemarker/2.3.23/freemarker-2.3.23.jar:/Users/mohammedmohaidat/.m2/repository/org/mongodb/mongodb-driver/3.3.0/mongodb-driver-3.3.0.jar:/Users/mohammedmohaidat/.m2/repository/org/mongodb/bson/3.3.0/bson-3.3.0.jar:/Users/mohammedmohaidat/.m2/repository/org/mongodb/mongodb-driver-core/3.3.0/mongodb-driver-core-3.3.0.jar:/Users/mohammedmohaidat/.m2/repository/org/jsoup/jsoup/1.9.2/jsoup-1.9.2.jar:/Users/mohammedmohaidat/.m2/repository/com/google/code/gson/gson/2.8.0/gson-2.8.0.jar:/Users/mohammedmohaidat/.m2/repository/org/apache/maven/surefire/surefire-testng-utils/2.22.0/surefire-testng-utils-2.22.0.jar:/Users/mohammedmohaidat/.m2/repository/org/apache/maven/surefire/surefire-grouper/2.22.0/surefire-grouper-2.22.0.jar:"/>
    <property name="java.vm.vendor" value="Oracle Corporation"/>
    <property name="sun.arch.data.model" value="64"/>
    <property name="java.vendor.url" value="http://java.oracle.com/"/>
    <property name="user.timezone" value=""/>
    <property name="java.vm.specification.version" value="1.8"/>
    <property name="os.name" value="Mac OS X"/>
    <property name="user.country" value="JO"/>
    <property name="sun.java.launcher" value="SUN_STANDARD"/>
    <property name="sun.boot.library.path" value="/Library/Java/JavaVirtualMachines/jdk1.8.0_201.jdk/Contents/Home/jre/lib"/>
    <property name="sun.java.command" value="/Users/mohammedmohaidat/Desktop/Mobile/sampleTest/target/surefire/surefirebooter6622512742403680850.jar /Users/mohammedmohaidat/Desktop/Mobile/sampleTest/target/surefire 2020-03-31T18-20-46_376-jvmRun1 surefire7046586215583941240tmp surefire_05753013469110271871tmp"/>
    <property name="http.nonProxyHosts" value="local|*.local|169.254/16|*.169.254/16"/>
    <property name="surefire.test.class.path" value="/Users/mohammedmohaidat/Desktop/Mobile/sampleTest/target/test-classes:/Users/mohammedmohaidat/Desktop/Mobile/sampleTest/target/classes:/Users/mohammedmohaidat/.m2/repository/io/rest-assured/rest-assured/4.3.0/rest-assured-4.3.0.jar:/Users/mohammedmohaidat/.m2/repository/org/codehaus/groovy/groovy/3.0.2/groovy-3.0.2.jar:/Users/mohammedmohaidat/.m2/repository/org/codehaus/groovy/groovy-xml/3.0.2/groovy-xml-3.0.2.jar:/Users/mohammedmohaidat/.m2/repository/org/apache/httpcomponents/httpclient/4.5.3/httpclient-4.5.3.jar:/Users/mohammedmohaidat/.m2/repository/org/apache/httpcomponents/httpcore/4.4.6/httpcore-4.4.6.jar:/Users/mohammedmohaidat/.m2/repository/commons-logging/commons-logging/1.2/commons-logging-1.2.jar:/Users/mohammedmohaidat/.m2/repository/commons-codec/commons-codec/1.9/commons-codec-1.9.jar:/Users/mohammedmohaidat/.m2/repository/org/apache/httpcomponents/httpmime/4.5.3/httpmime-4.5.3.jar:/Users/mohammedmohaidat/.m2/repository/org/hamcrest/hamcrest/2.1/hamcrest-2.1.jar:/Users/mohammedmohaidat/.m2/repository/org/ccil/cowan/tagsoup/tagsoup/1.2.1/tagsoup-1.2.1.jar:/Users/mohammedmohaidat/.m2/repository/io/rest-assured/xml-path/4.3.0/xml-path-4.3.0.jar:/Users/mohammedmohaidat/.m2/repository/org/apache/commons/commons-lang3/3.4/commons-lang3-3.4.jar:/Users/mohammedmohaidat/.m2/repository/jakarta/xml/bind/jakarta.xml.bind-api/2.3.2/jakarta.xml.bind-api-2.3.2.jar:/Users/mohammedmohaidat/.m2/repository/jakarta/activation/jakarta.activation-api/1.2.1/jakarta.activation-api-1.2.1.jar:/Users/mohammedmohaidat/.m2/repository/com/sun/xml/bind/jaxb-osgi/2.3.0.1/jaxb-osgi-2.3.0.1.jar:/Users/mohammedmohaidat/.m2/repository/org/apache/sling/org.apache.sling.javax.activation/0.1.0/org.apache.sling.javax.activation-0.1.0.jar:/Users/mohammedmohaidat/.m2/repository/javax/activation/activation/1.1.1/activation-1.1.1.jar:/Users/mohammedmohaidat/.m2/repository/io/rest-assured/json-schema-validator/4.3.0/json-schema-validator-4.3.0.jar:/Users/mohammedmohaidat/.m2/repository/com/github/java-json-tools/json-schema-validator/2.2.10/json-schema-validator-2.2.10.jar:/Users/mohammedmohaidat/.m2/repository/com/github/java-json-tools/json-schema-core/1.2.10/json-schema-core-1.2.10.jar:/Users/mohammedmohaidat/.m2/repository/com/github/java-json-tools/jackson-coreutils/1.9/jackson-coreutils-1.9.jar:/Users/mohammedmohaidat/.m2/repository/com/fasterxml/jackson/core/jackson-databind/2.2.3/jackson-databind-2.2.3.jar:/Users/mohammedmohaidat/.m2/repository/com/fasterxml/jackson/core/jackson-annotations/2.2.3/jackson-annotations-2.2.3.jar:/Users/mohammedmohaidat/.m2/repository/com/fasterxml/jackson/core/jackson-core/2.2.3/jackson-core-2.2.3.jar:/Users/mohammedmohaidat/.m2/repository/com/google/guava/guava/16.0.1/guava-16.0.1.jar:/Users/mohammedmohaidat/.m2/repository/com/github/fge/msg-simple/1.1/msg-simple-1.1.jar:/Users/mohammedmohaidat/.m2/repository/com/github/fge/btf/1.2/btf-1.2.jar:/Users/mohammedmohaidat/.m2/repository/com/github/fge/uri-template/0.9/uri-template-0.9.jar:/Users/mohammedmohaidat/.m2/repository/org/mozilla/rhino/1.7.7.1/rhino-1.7.7.1.jar:/Users/mohammedmohaidat/.m2/repository/javax/mail/mailapi/1.4.3/mailapi-1.4.3.jar:/Users/mohammedmohaidat/.m2/repository/joda-time/joda-time/2.9.7/joda-time-2.9.7.jar:/Users/mohammedmohaidat/.m2/repository/com/googlecode/libphonenumber/libphonenumber/8.0.0/libphonenumber-8.0.0.jar:/Users/mohammedmohaidat/.m2/repository/com/google/code/findbugs/jsr305/3.0.1/jsr305-3.0.1.jar:/Users/mohammedmohaidat/.m2/repository/net/sf/jopt-simple/jopt-simple/5.0.3/jopt-simple-5.0.3.jar:/Users/mohammedmohaidat/.m2/repository/io/rest-assured/json-path/4.3.0/json-path-4.3.0.jar:/Users/mohammedmohaidat/.m2/repository/org/codehaus/groovy/groovy-json/3.0.2/groovy-json-3.0.2.jar:/Users/mohammedmohaidat/.m2/repository/io/rest-assured/rest-assured-common/4.3.0/rest-assured-common-4.3.0.jar:/Users/mohammedmohaidat/.m2/repository/org/testng/testng/6.14.3/testng-6.14.3.jar:/Users/mohammedmohaidat/.m2/repository/com/beust/jcommander/1.72/jcommander-1.72.jar:/Users/mohammedmohaidat/.m2/repository/org/apache-extras/beanshell/bsh/2.0b6/bsh-2.0b6.jar:/Users/mohammedmohaidat/.m2/repository/org/json/json/20180813/json-20180813.jar:/Users/mohammedmohaidat/.m2/repository/org/projectlombok/lombok/1.18.4/lombok-1.18.4.jar:/Users/mohammedmohaidat/.m2/repository/com/aventstack/extentreports/3.1.5/extentreports-3.1.5.jar:/Users/mohammedmohaidat/.m2/repository/org/freemarker/freemarker/2.3.23/freemarker-2.3.23.jar:/Users/mohammedmohaidat/.m2/repository/org/mongodb/mongodb-driver/3.3.0/mongodb-driver-3.3.0.jar:/Users/mohammedmohaidat/.m2/repository/org/mongodb/bson/3.3.0/bson-3.3.0.jar:/Users/mohammedmohaidat/.m2/repository/org/mongodb/mongodb-driver-core/3.3.0/mongodb-driver-core-3.3.0.jar:/Users/mohammedmohaidat/.m2/repository/org/jsoup/jsoup/1.9.2/jsoup-1.9.2.jar:/Users/mohammedmohaidat/.m2/repository/com/google/code/gson/gson/2.8.0/gson-2.8.0.jar:/Users/mohammedmohaidat/.m2/repository/org/apache/maven/surefire/surefire-testng-utils/2.22.0/surefire-testng-utils-2.22.0.jar:/Users/mohammedmohaidat/.m2/repository/org/apache/maven/surefire/surefire-grouper/2.22.0/surefire-grouper-2.22.0.jar:"/>
    <property name="sun.cpu.endian" value="little"/>
    <property name="user.home" value="/Users/mohammedmohaidat"/>
    <property name="user.language" value="en"/>
    <property name="java.specification.vendor" value="Oracle Corporation"/>
    <property name="java.home" value="/Library/Java/JavaVirtualMachines/jdk1.8.0_201.jdk/Contents/Home/jre"/>
    <property name="basedir" value="/Users/mohammedmohaidat/Desktop/Mobile/sampleTest"/>
    <property name="file.separator" value="/"/>
    <property name="line.separator" value="&#10;"/>
    <property name="java.vm.specification.vendor" value="Oracle Corporation"/>
    <property name="java.specification.name" value="Java Platform API Specification"/>
    <property name="java.awt.graphicsenv" value="sun.awt.CGraphicsEnvironment"/>
    <property name="surefire.real.class.path" value="/Users/mohammedmohaidat/Desktop/Mobile/sampleTest/target/surefire/surefirebooter6622512742403680850.jar"/>
    <property name="sun.boot.class.path" value="/Library/Java/JavaVirtualMachines/jdk1.8.0_201.jdk/Contents/Home/jre/lib/resources.jar:/Library/Java/JavaVirtualMachines/jdk1.8.0_201.jdk/Contents/Home/jre/lib/rt.jar:/Library/Java/JavaVirtualMachines/jdk1.8.0_201.jdk/Contents/Home/jre/lib/sunrsasign.jar:/Library/Java/JavaVirtualMachines/jdk1.8.0_201.jdk/Contents/Home/jre/lib/jsse.jar:/Library/Java/JavaVirtualMachines/jdk1.8.0_201.jdk/Contents/Home/jre/lib/jce.jar:/Library/Java/JavaVirtualMachines/jdk1.8.0_201.jdk/Contents/Home/jre/lib/charsets.jar:/Library/Java/JavaVirtualMachines/jdk1.8.0_201.jdk/Contents/Home/jre/lib/jfr.jar:/Library/Java/JavaVirtualMachines/jdk1.8.0_201.jdk/Contents/Home/jre/classes"/>
    <property name="sun.management.compiler" value="HotSpot 64-Bit Tiered Compilers"/>
    <property name="ftp.nonProxyHosts" value="local|*.local|169.254/16|*.169.254/16"/>
    <property name="java.runtime.version" value="1.8.0_201-b09"/>
    <property name="user.name" value="mohammedmohaidat"/>
    <property name="path.separator" value=":"/>
    <property name="os.version" value="10.14.5"/>
    <property name="java.endorsed.dirs" value="/Library/Java/JavaVirtualMachines/jdk1.8.0_201.jdk/Contents/Home/jre/lib/endorsed"/>
    <property name="java.runtime.name" value="Java(TM) SE Runtime Environment"/>
    <property name="file.encoding" value="UTF-8"/>
    <property name="java.vm.name" value="Java HotSpot(TM) 64-Bit Server VM"/>
    <property name="localRepository" value="/Users/mohammedmohaidat/.m2/repository"/>
    <property name="java.vendor.url.bug" value="http://bugreport.sun.com/bugreport/"/>
    <property name="java.io.tmpdir" value="/var/folders/92/k4gkc98d6vn35_gjy8yz1qyc0000gn/T/"/>
    <property name="java.version" value="1.8.0_201"/>
    <property name="user.dir" value="/Users/mohammedmohaidat/Desktop/Mobile/sampleTest"/>
    <property name="os.arch" value="x86_64"/>
    <property name="java.vm.specification.name" value="Java Virtual Machine Specification"/>
    <property name="java.awt.printerjob" value="sun.lwawt.macosx.CPrinterJob"/>
    <property name="sun.os.patch.level" value="unknown"/>
    <property name="java.library.path" value="/Users/mohammedmohaidat/Library/Java/Extensions:/Library/Java/Extensions:/Network/Library/Java/Extensions:/System/Library/Java/Extensions:/usr/lib/java:."/>
    <property name="java.vm.info" value="mixed mode"/>
    <property name="java.vendor" value="Oracle Corporation"/>
    <property name="java.vm.version" value="25.201-b09"/>
    <property name="java.ext.dirs" value="/Users/mohammedmohaidat/Library/Java/Extensions:/Library/Java/JavaVirtualMachines/jdk1.8.0_201.jdk/Contents/Home/jre/lib/ext:/Library/Java/Extensions:/Network/Library/Java/Extensions:/System/Library/Java/Extensions:/usr/lib/java"/>
    <property name="sun.io.unicode.encoding" value="UnicodeBig"/>
    <property name="java.class.version" value="52.0"/>
    <property name="socksNonProxyHosts" value="local|*.local|169.254/16|*.169.254/16"/>
  </properties>
  <testcase name="testCreatePet" classname="AddNewPetTest" time="2.113"/>
  <testcase name="testUpdatePet" classname="UpdatePetTest" time="2.115"/>
  <testcase name="testDeletePet" classname="DeletePetTest" time="2.117">
    <failure message="1 expectation failed.&#10;Expected status code &lt;200&gt; but was &lt;404&gt;.&#10;" type="java.lang.AssertionError"><![CDATA[java.lang.AssertionError: 
1 expectation failed.
Expected status code <200> but was <404>.

	at DeletePetTest.testDeletePet(DeletePetTest.java:18)
]]></failure>
  </testcase>
  <testcase name="testRetrievePet" classname="GetPetsByAvailableStatusTest" time="3.824"/>
</testsuite>