<?xml version="1.0" encoding="UTF-8"?>
<!-- Generated by org.testng.reporters.JUnitReportReporter -->
<testsuite skipped="0" hostname="Mohammeds-MacBook-Pro.local" name="GetPetsByAvailableStatusTest" tests="1" failures="0" timestamp="31 Mar 2020 15:20:51 GMT" time="3.826" errors="0">
  <testcase name="testRetrievePet" time="3.826" classname="GetPetsByAvailableStatusTest"/>
</testsuite> <!-- GetPetsByAvailableStatusTest -->
