<?xml version="1.0" encoding="UTF-8"?>
<!-- Generated by org.testng.reporters.JUnitReportReporter -->
<testsuite skipped="0" hostname="Mohammeds-MacBook-Pro.local" name="AddNewPetTest" tests="1" failures="0" timestamp="31 Mar 2020 15:20:51 GMT" time="2.114" errors="0">
  <testcase name="testCreatePet" time="2.114" classname="AddNewPetTest"/>
</testsuite> <!-- AddNewPetTest -->
