<?xml version="1.0" encoding="UTF-8"?>
<!-- Generated by org.testng.reporters.JUnitReportReporter -->
<testsuite skipped="0" hostname="Mohammeds-MacBook-Pro.local" name="UpdatePetTest" tests="1" failures="0" timestamp="31 Mar 2020 15:20:51 GMT" time="2.117" errors="0">
  <testcase name="testUpdatePet" time="2.117" classname="UpdatePetTest"/>
</testsuite> <!-- UpdatePetTest -->
